[debug] > Exec(early(addDefaultCommands), None, None)
[debug] > Exec(addDefaultCommands, None, None)
[debug] > Exec(early(initialize), None, None)
[debug] > Exec(initialize, None, None)
[debug] > Exec(early(addPluginSbtFile="""C:\Users\GAUTAM~1\AppData\Local\Temp\idea.sbt"""), None, None)
[debug] > Exec(addPluginSbtFile="""C:\Users\GAUTAM~1\AppData\Local\Temp\idea.sbt""", None, None)
[debug] > Exec(boot, None, None)
[debug] > Exec(writeSbtVersion, None, None)
[debug] > Exec(reload, None, None)
[debug] > Exec(sbtStashOnFailure, None, None)
[debug] > Exec(onFailure loadFailed, None, None)
[debug] > Exec(loadp, None, None)
[info] welcome to sbt 1.4.7 (Oracle Corporation Java 1.8.0_271)
[debug]       Load.loadUnit: plugins took 80.7886ms
[debug]       Load.loadUnit: defsScala took 0.2852ms
[debug] [Loading] Scanning directory C:\Users\Gautam Jain\.sbt\1.0\plugins
[debug]         Load.loadUnit: mkEval took 6.3086ms
[debug] [Loading] Found non-root projects 
[debug] [Loading] Done in C:\Users\Gautam Jain\.sbt\1.0\plugins, returning: ()
[debug] deducing auto plugins based on known facts Set(Atom(sbt.plugins.CorePlugin)) and clauses Clauses(List(Clause(Atom(sbt.plugins.JvmPlugin),Set(Atom(sbt.plugins.IvyPlugin))), Clause(Atom(sbt.ScriptedPlugin),Set(Atom(sbt.plugins.JvmPlugin))), Clause(Atom(sbt.plugins.SbtPlugin),Set(Atom(sbt.ScriptedPlugin))), Clause(Atom(sbt.plugins.SemanticdbPlugin),Set(Atom(sbt.plugins.JvmPlugin))), Clause(Atom(sbt.plugins.JUnitXmlReportPlugin),Set(Atom(sbt.plugins.JvmPlugin))), Clause(Atom(sbt.plugins.MiniDependencyTreePlugin),Set(Atom(sbt.plugins.JvmPlugin))), Clause(Atom(sbt.plugins.CorePlugin),Set(Atom(sbt.plugins.IvyPlugin))), Clause(Atom(sbt.plugins.IvyPlugin),Set(Atom(sbt.plugins.JvmPlugin))), Clause(Atom(sbt.plugins.JvmPlugin),Set(Atom(sbt.plugins.SemanticdbPlugin))), Clause(Atom(sbt.plugins.JvmPlugin),Set(Atom(sbt.plugins.JUnitXmlReportPlugin))), Clause(Atom(sbt.plugins.CorePlugin),Set(Atom(sbt.plugins.Giter8TemplatePlugin))), Clause(Atom(sbt.plugins.JvmPlugin),Set(Atom(sbt.plugins.MiniDependencyTreePlugin)))))
[debug]   :: deduced result: Matched(sbt.plugins.CorePlugin,sbt.plugins.Giter8TemplatePlugin,sbt.plugins.IvyPlugin,sbt.plugins.JvmPlugin,sbt.plugins.MiniDependencyTreePlugin,sbt.plugins.JUnitXmlReportPlugin,sbt.plugins.SemanticdbPlugin)
[debug] Plugins.deducer#function took 15.8427 ms
[info] loading settings for project global-plugins from idea.sbt ...
[debug]           Load.resolveProject(global-plugins) took 38.1449ms
[debug]         Load.loadTransitive: finalizeProject(Project(id global-plugins, base: C:\Users\Gautam Jain\.sbt\1.0\plugins, plugins: List(<none>))) took 74.7725ms
[debug] [Loading] Done in C:\Users\Gautam Jain\.sbt\1.0\plugins, returning: (global-plugins)
[debug]       Load.loadUnit: loadedProjectsRaw took 162.0934ms
[debug]       Load.loadUnit: cleanEvalClasses took 5.7656ms
[debug]     Load.loadUnit(file:/C:/Users/Gautam%20Jain/.sbt/1.0/plugins/, ...) took 255.1889ms
[debug]   Load.apply: load took 384.7587ms
[debug]   Load.apply: resolveProjects took 4.6777ms
[debug]   Load.apply: finalTransforms took 49.5214ms
[debug]   Load.apply: config.delegates took 7.306ms
[debug]   Load.apply: Def.make(settings)... took 632.1406ms
[debug]   Load.apply: structureIndex took 88.7073ms
[debug]   Load.apply: mkStreams took 1.6349ms
[info] loading global plugins from C:\Users\Gautam Jain\.sbt\1.0\plugins
[debug] Running task... Cancel: Signal, check cycles: false, forcegc: true
[debug] Load.defaultLoad until apply took 2553.1357ms
[debug]           Load.loadUnit: plugins took 28.2651ms
[debug]           Load.loadUnit: defsScala took 0.0031ms
[debug] [Loading] Scanning directory F:\LearningPath\ScalaPrograms\project
[debug]             Load.loadUnit: mkEval took 0.3043ms
[debug] [Loading] Found non-root projects 
[debug] [Loading] Done in F:\LearningPath\ScalaPrograms\project, returning: ()
[debug] deducing auto plugins based on known facts Set(Atom(sbt.plugins.CorePlugin)) and clauses Clauses(List(Clause(Atom(sbt.plugins.JvmPlugin),Set(Atom(sbt.plugins.IvyPlugin))), Clause(Atom(sbt.ScriptedPlugin),Set(Atom(sbt.plugins.JvmPlugin))), Clause(Atom(sbt.plugins.SbtPlugin),Set(Atom(sbt.ScriptedPlugin))), Clause(Atom(sbt.plugins.SemanticdbPlugin),Set(Atom(sbt.plugins.JvmPlugin))), Clause(Atom(sbt.plugins.JUnitXmlReportPlugin),Set(Atom(sbt.plugins.JvmPlugin))), Clause(Atom(sbt.plugins.MiniDependencyTreePlugin),Set(Atom(sbt.plugins.JvmPlugin))), Clause(Atom(sbt.plugins.CorePlugin),Set(Atom(sbt.plugins.IvyPlugin))), Clause(Atom(sbt.plugins.IvyPlugin),Set(Atom(sbt.plugins.JvmPlugin))), Clause(Atom(sbt.plugins.JvmPlugin),Set(Atom(sbt.plugins.SemanticdbPlugin))), Clause(Atom(sbt.plugins.JvmPlugin),Set(Atom(sbt.plugins.JUnitXmlReportPlugin))), Clause(Atom(sbt.plugins.CorePlugin),Set(Atom(sbt.plugins.Giter8TemplatePlugin))), Clause(Atom(sbt.plugins.JvmPlugin),Set(Atom(sbt.plugins.MiniDependencyTreePlugin)))))
[debug]   :: deduced result: Matched(sbt.plugins.CorePlugin,sbt.plugins.Giter8TemplatePlugin,sbt.plugins.IvyPlugin,sbt.plugins.JvmPlugin,sbt.plugins.MiniDependencyTreePlugin,sbt.plugins.JUnitXmlReportPlugin,sbt.plugins.SemanticdbPlugin)
[debug] Plugins.deducer#function took 1.2085 ms
[info] loading settings for project scalaprograms-build from idea.sbt ...
[debug]               Load.resolveProject(scalaprograms-build) took 1.5936ms
[debug]             Load.loadTransitive: finalizeProject(Project(id scalaprograms-build, base: F:\LearningPath\ScalaPrograms\project, plugins: List(<none>))) took 3.1956ms
[debug] [Loading] Done in F:\LearningPath\ScalaPrograms\project, returning: (scalaprograms-build)
[debug]           Load.loadUnit: loadedProjectsRaw took 55.8363ms
[debug]           Load.loadUnit: cleanEvalClasses took 0.8034ms
[debug]         Load.loadUnit(file:/F:/LearningPath/ScalaPrograms/project/, ...) took 85.6887ms
[debug]       Load.apply: load took 86.773ms
[debug]       Load.apply: resolveProjects took 0.0762ms
[debug]       Load.apply: finalTransforms took 7.6681ms
[debug]       Load.apply: config.delegates took 0.2969ms
[debug]       Load.apply: Def.make(settings)... took 56.2949ms
[debug]       Load.apply: structureIndex took 23.6127ms
[debug]       Load.apply: mkStreams took 0.0025ms
[info] loading project definition from F:\LearningPath\ScalaPrograms\project
[debug] Running task... Cancel: Signal, check cycles: false, forcegc: true
[debug]     Load.loadUnit: plugins took 1070.7415ms
[debug]     Load.loadUnit: defsScala took 0.0032ms
[debug] [Loading] Scanning directory F:\LearningPath\ScalaPrograms
[debug]       Load.loadUnit: mkEval took 0.2758ms
[debug] [Loading] Found non-root projects 
[debug] [Loading] Done in F:\LearningPath\ScalaPrograms, returning: ()
[debug] deducing auto plugins based on known facts Set(Atom(sbt.plugins.CorePlugin)) and clauses Clauses(List(Clause(Atom(sbt.plugins.JvmPlugin),Set(Atom(sbt.plugins.IvyPlugin))), Clause(Atom(sbt.ScriptedPlugin),Set(Atom(sbt.plugins.JvmPlugin))), Clause(Atom(sbt.plugins.SbtPlugin),Set(Atom(sbt.ScriptedPlugin))), Clause(Atom(sbt.plugins.SemanticdbPlugin),Set(Atom(sbt.plugins.JvmPlugin))), Clause(Atom(sbt.plugins.JUnitXmlReportPlugin),Set(Atom(sbt.plugins.JvmPlugin))), Clause(Atom(sbt.plugins.MiniDependencyTreePlugin),Set(Atom(sbt.plugins.JvmPlugin))), Clause(Atom(org.jetbrains.sbt.StructurePlugin),Set(Atom(sbt.plugins.JvmPlugin))), Clause(Atom(org.jetbrains.sbt.IdeaShellPlugin),Set(Atom(sbt.plugins.JvmPlugin))), Clause(Atom(org.jetbrains.sbt.indices.SbtIntellijIndicesPlugin),Set(Atom(sbt.plugins.JvmPlugin))), Clause(Atom(sbt.plugins.CorePlugin),Set(Atom(sbt.plugins.IvyPlugin))), Clause(Atom(sbt.plugins.IvyPlugin),Set(Atom(sbt.plugins.JvmPlugin))), Clause(Atom(sbt.plugins.JvmPlugin),Set(Atom(sbt.plugins.SemanticdbPlugin))), Clause(Atom(sbt.plugins.JvmPlugin),Set(Atom(sbt.plugins.JUnitXmlReportPlugin))), Clause(Atom(sbt.plugins.CorePlugin),Set(Atom(sbt.plugins.Giter8TemplatePlugin))), Clause(Atom(sbt.plugins.JvmPlugin),Set(Atom(sbt.plugins.MiniDependencyTreePlugin))), Clause(Atom(sbt.plugins.JvmPlugin),Set(Atom(org.jetbrains.sbt.StructurePlugin))), Clause(Atom(sbt.plugins.JvmPlugin),Set(Atom(org.jetbrains.sbt.IdeaShellPlugin))), Clause(And(Set(Atom(sbt.plugins.CorePlugin), Atom(sbt.plugins.JvmPlugin))),Set(Atom(org.jetbrains.sbt.indices.SbtIntellijIndicesPlugin)))))
[debug]   :: deduced result: Matched(sbt.plugins.CorePlugin,sbt.plugins.Giter8TemplatePlugin,sbt.plugins.IvyPlugin,sbt.plugins.JvmPlugin,sbt.plugins.SemanticdbPlugin,org.jetbrains.sbt.indices.SbtIntellijIndicesPlugin,sbt.plugins.JUnitXmlReportPlugin,org.jetbrains.sbt.IdeaShellPlugin,org.jetbrains.sbt.StructurePlugin,sbt.plugins.MiniDependencyTreePlugin)
[debug] Plugins.deducer#function took 1.4675 ms
[info] loading settings for project scalaprograms from build.sbt ...
[debug]         Load.resolveProject(scalaprograms) took 21.9522ms
[debug]       Load.loadTransitive: finalizeProject(Project(id scalaprograms, base: F:\LearningPath\ScalaPrograms, plugins: List(<none>))) took 24.5718ms
[debug] [Loading] Done in F:\LearningPath\ScalaPrograms, returning: (scalaprograms)
[debug]     Load.loadUnit: loadedProjectsRaw took 1762.0074ms
[debug]     Load.loadUnit: cleanEvalClasses took 9.6691ms
[debug]   Load.loadUnit(file:/F:/LearningPath/ScalaPrograms/, ...) took 2843.1722ms
[debug] Load.apply: load took 2844.5749ms
[debug] Load.apply: resolveProjects took 0.0778ms
[debug] Load.apply: finalTransforms took 17.1026ms
[debug] Load.apply: config.delegates took 0.2374ms
[debug] Load.apply: Def.make(settings)... took 58.1741ms
[debug] Load.apply: structureIndex took 12.8997ms
[debug] Load.apply: mkStreams took 0.002ms
[info] set current project to ScalaPrograms (in build file:/F:/LearningPath/ScalaPrograms/)
[debug] > Exec(sbtPopOnFailure, None, None)
[debug] > Exec(resumeFromFailure, None, None)
[debug] > Exec(notifyUsersAboutShell, None, None)
[debug] > Exec(iflast shell, None, None)
[debug] > Exec(; set ideaPort in Global := 51689 ; idea-shell, None, None)
[debug] > Exec(set ideaPort in Global := 51689, None, None)
[info] Defining Global / ideaPort
[info] The new value will be used by Compile / compile, Test / compile
[debug] Defining 
[debug] 	Global / ideaPort
[debug] 
[debug] The new value will be used by 
[debug] 	Compile / compile
[debug] 	Test / compile
[info] Reapplying settings...
[info] set current project to ScalaPrograms (in build file:/F:/LearningPath/ScalaPrograms/)
[debug] > Exec(idea-shell, None, None)
