[debug] > Exec(early(addDefaultCommands), None, None)
[debug] > Exec(addDefaultCommands, None, None)
[debug] > Exec(early(initialize), None, None)
[debug] > Exec(initialize, None, None)
[debug] > Exec(early(addPluginSbtFile="""C:\Users\GAUTAM~1\AppData\Local\Temp\idea.sbt"""), None, None)
[debug] > Exec(addPluginSbtFile="""C:\Users\GAUTAM~1\AppData\Local\Temp\idea.sbt""", None, None)
[debug] > Exec(boot, None, None)
[debug] > Exec(writeSbtVersion, None, None)
[debug] > Exec(reload, None, None)
[debug] > Exec(sbtStashOnFailure, None, None)
[debug] > Exec(onFailure loadFailed, None, None)
[debug] > Exec(loadp, None, None)
[info] welcome to sbt 1.4.7 (Oracle Corporation Java 1.8.0_271)
[debug]       Load.loadUnit: plugins took 73.731ms
[debug]       Load.loadUnit: defsScala took 0.2407ms
[debug] [Loading] Scanning directory C:\Users\Gautam Jain\.sbt\1.0\plugins
[debug]         Load.loadUnit: mkEval took 6.5007ms
[debug] [Loading] Found non-root projects 
[debug] [Loading] Done in C:\Users\Gautam Jain\.sbt\1.0\plugins, returning: ()
[debug] deducing auto plugins based on known facts Set(Atom(sbt.plugins.CorePlugin)) and clauses Clauses(List(Clause(Atom(sbt.plugins.JvmPlugin),Set(Atom(sbt.plugins.IvyPlugin))), Clause(Atom(sbt.ScriptedPlugin),Set(Atom(sbt.plugins.JvmPlugin))), Clause(Atom(sbt.plugins.SbtPlugin),Set(Atom(sbt.ScriptedPlugin))), Clause(Atom(sbt.plugins.SemanticdbPlugin),Set(Atom(sbt.plugins.JvmPlugin))), Clause(Atom(sbt.plugins.JUnitXmlReportPlugin),Set(Atom(sbt.plugins.JvmPlugin))), Clause(Atom(sbt.plugins.MiniDependencyTreePlugin),Set(Atom(sbt.plugins.JvmPlugin))), Clause(Atom(sbt.plugins.CorePlugin),Set(Atom(sbt.plugins.IvyPlugin))), Clause(Atom(sbt.plugins.IvyPlugin),Set(Atom(sbt.plugins.JvmPlugin))), Clause(Atom(sbt.plugins.JvmPlugin),Set(Atom(sbt.plugins.SemanticdbPlugin))), Clause(Atom(sbt.plugins.JvmPlugin),Set(Atom(sbt.plugins.JUnitXmlReportPlugin))), Clause(Atom(sbt.plugins.CorePlugin),Set(Atom(sbt.plugins.Giter8TemplatePlugin))), Clause(Atom(sbt.plugins.JvmPlugin),Set(Atom(sbt.plugins.MiniDependencyTreePlugin)))))
[debug]   :: deduced result: Matched(sbt.plugins.CorePlugin,sbt.plugins.Giter8TemplatePlugin,sbt.plugins.IvyPlugin,sbt.plugins.JvmPlugin,sbt.plugins.MiniDependencyTreePlugin,sbt.plugins.JUnitXmlReportPlugin,sbt.plugins.SemanticdbPlugin)
[debug] Plugins.deducer#function took 13.2686 ms
[info] loading settings for project global-plugins from idea.sbt ...
[debug]           Load.resolveProject(global-plugins) took 32.2677ms
[debug]         Load.loadTransitive: finalizeProject(Project(id global-plugins, base: C:\Users\Gautam Jain\.sbt\1.0\plugins, plugins: List(<none>))) took 64.3221ms
[debug] [Loading] Done in C:\Users\Gautam Jain\.sbt\1.0\plugins, returning: (global-plugins)
[debug]       Load.loadUnit: loadedProjectsRaw took 144.7721ms
[debug]       Load.loadUnit: cleanEvalClasses took 5.4784ms
[debug]     Load.loadUnit(file:/C:/Users/Gautam%20Jain/.sbt/1.0/plugins/, ...) took 229.8482ms
[debug]   Load.apply: load took 356.9561ms
[debug]   Load.apply: resolveProjects took 5.4483ms
[debug]   Load.apply: finalTransforms took 44.9897ms
[debug]   Load.apply: config.delegates took 5.8373ms
[debug]   Load.apply: Def.make(settings)... took 612.8ms
[debug]   Load.apply: structureIndex took 69.075ms
[debug]   Load.apply: mkStreams took 1.2824ms
[info] loading global plugins from C:\Users\Gautam Jain\.sbt\1.0\plugins
[debug] Running task... Cancel: Signal, check cycles: false, forcegc: true
[debug] Load.defaultLoad until apply took 2370.7151ms
[debug]           Load.loadUnit: plugins took 34.4218ms
[debug]           Load.loadUnit: defsScala took 0.0025ms
[debug] [Loading] Scanning directory F:\LearningPath\ScalaPrograms\project
[debug]             Load.loadUnit: mkEval took 0.3381ms
[debug] [Loading] Found non-root projects 
[debug] [Loading] Done in F:\LearningPath\ScalaPrograms\project, returning: ()
[debug] deducing auto plugins based on known facts Set(Atom(sbt.plugins.CorePlugin)) and clauses Clauses(List(Clause(Atom(sbt.plugins.JvmPlugin),Set(Atom(sbt.plugins.IvyPlugin))), Clause(Atom(sbt.ScriptedPlugin),Set(Atom(sbt.plugins.JvmPlugin))), Clause(Atom(sbt.plugins.SbtPlugin),Set(Atom(sbt.ScriptedPlugin))), Clause(Atom(sbt.plugins.SemanticdbPlugin),Set(Atom(sbt.plugins.JvmPlugin))), Clause(Atom(sbt.plugins.JUnitXmlReportPlugin),Set(Atom(sbt.plugins.JvmPlugin))), Clause(Atom(sbt.plugins.MiniDependencyTreePlugin),Set(Atom(sbt.plugins.JvmPlugin))), Clause(Atom(sbt.plugins.CorePlugin),Set(Atom(sbt.plugins.IvyPlugin))), Clause(Atom(sbt.plugins.IvyPlugin),Set(Atom(sbt.plugins.JvmPlugin))), Clause(Atom(sbt.plugins.JvmPlugin),Set(Atom(sbt.plugins.SemanticdbPlugin))), Clause(Atom(sbt.plugins.JvmPlugin),Set(Atom(sbt.plugins.JUnitXmlReportPlugin))), Clause(Atom(sbt.plugins.CorePlugin),Set(Atom(sbt.plugins.Giter8TemplatePlugin))), Clause(Atom(sbt.plugins.JvmPlugin),Set(Atom(sbt.plugins.MiniDependencyTreePlugin)))))
[debug]   :: deduced result: Matched(sbt.plugins.CorePlugin,sbt.plugins.Giter8TemplatePlugin,sbt.plugins.IvyPlugin,sbt.plugins.JvmPlugin,sbt.plugins.MiniDependencyTreePlugin,sbt.plugins.JUnitXmlReportPlugin,sbt.plugins.SemanticdbPlugin)
[debug] Plugins.deducer#function took 1.4406 ms
[info] loading settings for project scalaprograms-build from idea.sbt ...
[debug]               Load.resolveProject(scalaprograms-build) took 1.2598ms
[debug]             Load.loadTransitive: finalizeProject(Project(id scalaprograms-build, base: F:\LearningPath\ScalaPrograms\project, plugins: List(<none>))) took 3.056ms
[debug] [Loading] Done in F:\LearningPath\ScalaPrograms\project, returning: (scalaprograms-build)
[debug]           Load.loadUnit: loadedProjectsRaw took 51.2749ms
[debug]           Load.loadUnit: cleanEvalClasses took 0.7163ms
[debug]         Load.loadUnit(file:/F:/LearningPath/ScalaPrograms/project/, ...) took 87.1066ms
[debug]       Load.apply: load took 88.2903ms
[debug]       Load.apply: resolveProjects took 0.0752ms
[debug]       Load.apply: finalTransforms took 6.2017ms
[debug]       Load.apply: config.delegates took 0.2766ms
[debug]       Load.apply: Def.make(settings)... took 49.7505ms
[debug]       Load.apply: structureIndex took 19.4798ms
[debug]       Load.apply: mkStreams took 0.0022ms
[info] loading project definition from F:\LearningPath\ScalaPrograms\project
[debug] Running task... Cancel: Signal, check cycles: false, forcegc: true
[debug]     Load.loadUnit: plugins took 1055.6482ms
[debug]     Load.loadUnit: defsScala took 0.0021ms
[debug] [Loading] Scanning directory F:\LearningPath\ScalaPrograms
[debug]       Load.loadUnit: mkEval took 0.2406ms
[debug] [Loading] Found non-root projects 
[debug] [Loading] Done in F:\LearningPath\ScalaPrograms, returning: ()
[debug] deducing auto plugins based on known facts Set(Atom(sbt.plugins.CorePlugin)) and clauses Clauses(List(Clause(Atom(sbt.plugins.JvmPlugin),Set(Atom(sbt.plugins.IvyPlugin))), Clause(Atom(sbt.ScriptedPlugin),Set(Atom(sbt.plugins.JvmPlugin))), Clause(Atom(sbt.plugins.SbtPlugin),Set(Atom(sbt.ScriptedPlugin))), Clause(Atom(sbt.plugins.SemanticdbPlugin),Set(Atom(sbt.plugins.JvmPlugin))), Clause(Atom(sbt.plugins.JUnitXmlReportPlugin),Set(Atom(sbt.plugins.JvmPlugin))), Clause(Atom(sbt.plugins.MiniDependencyTreePlugin),Set(Atom(sbt.plugins.JvmPlugin))), Clause(Atom(org.jetbrains.sbt.StructurePlugin),Set(Atom(sbt.plugins.JvmPlugin))), Clause(Atom(org.jetbrains.sbt.IdeaShellPlugin),Set(Atom(sbt.plugins.JvmPlugin))), Clause(Atom(org.jetbrains.sbt.indices.SbtIntellijIndicesPlugin),Set(Atom(sbt.plugins.JvmPlugin))), Clause(Atom(sbt.plugins.CorePlugin),Set(Atom(sbt.plugins.IvyPlugin))), Clause(Atom(sbt.plugins.IvyPlugin),Set(Atom(sbt.plugins.JvmPlugin))), Clause(Atom(sbt.plugins.JvmPlugin),Set(Atom(sbt.plugins.SemanticdbPlugin))), Clause(Atom(sbt.plugins.JvmPlugin),Set(Atom(sbt.plugins.JUnitXmlReportPlugin))), Clause(Atom(sbt.plugins.CorePlugin),Set(Atom(sbt.plugins.Giter8TemplatePlugin))), Clause(Atom(sbt.plugins.JvmPlugin),Set(Atom(sbt.plugins.MiniDependencyTreePlugin))), Clause(Atom(sbt.plugins.JvmPlugin),Set(Atom(org.jetbrains.sbt.StructurePlugin))), Clause(Atom(sbt.plugins.JvmPlugin),Set(Atom(org.jetbrains.sbt.IdeaShellPlugin))), Clause(And(Set(Atom(sbt.plugins.CorePlugin), Atom(sbt.plugins.JvmPlugin))),Set(Atom(org.jetbrains.sbt.indices.SbtIntellijIndicesPlugin)))))
[debug]   :: deduced result: Matched(sbt.plugins.CorePlugin,sbt.plugins.Giter8TemplatePlugin,sbt.plugins.IvyPlugin,sbt.plugins.JvmPlugin,sbt.plugins.SemanticdbPlugin,org.jetbrains.sbt.indices.SbtIntellijIndicesPlugin,sbt.plugins.JUnitXmlReportPlugin,org.jetbrains.sbt.IdeaShellPlugin,org.jetbrains.sbt.StructurePlugin,sbt.plugins.MiniDependencyTreePlugin)
[debug] Plugins.deducer#function took 1.3429 ms
[info] loading settings for project scalaprograms from build.sbt ...
[debug]         Load.resolveProject(scalaprograms) took 20.0885ms
[debug]       Load.loadTransitive: finalizeProject(Project(id scalaprograms, base: F:\LearningPath\ScalaPrograms, plugins: List(<none>))) took 22.2416ms
[debug] [Loading] Done in F:\LearningPath\ScalaPrograms, returning: (scalaprograms)
[debug]     Load.loadUnit: loadedProjectsRaw took 1741.7784ms
[debug]     Load.loadUnit: cleanEvalClasses took 6.6476ms
[debug]   Load.loadUnit(file:/F:/LearningPath/ScalaPrograms/, ...) took 2804.6916ms
[debug] Load.apply: load took 2805.8594ms
[debug] Load.apply: resolveProjects took 0.1006ms
[debug] Load.apply: finalTransforms took 17.5282ms
[debug] Load.apply: config.delegates took 0.2547ms
[debug] Load.apply: Def.make(settings)... took 47.5459ms
[debug] Load.apply: structureIndex took 14.4353ms
[debug] Load.apply: mkStreams took 0.0023ms
[info] set current project to ScalaPrograms (in build file:/F:/LearningPath/ScalaPrograms/)
[debug] > Exec(sbtPopOnFailure, None, None)
[debug] > Exec(resumeFromFailure, None, None)
[debug] > Exec(notifyUsersAboutShell, None, None)
[debug] > Exec(iflast shell, None, None)
[debug] > Exec(; set ideaPort in Global := 54912 ; idea-shell, None, None)
[debug] > Exec(set ideaPort in Global := 54912, None, None)
[info] Defining Global / ideaPort
[info] The new value will be used by Compile / compile, Test / compile
[debug] Defining 
[debug] 	Global / ideaPort
[debug] 
[debug] The new value will be used by 
[debug] 	Compile / compile
[debug] 	Test / compile
[info] Reapplying settings...
[info] set current project to ScalaPrograms (in build file:/F:/LearningPath/ScalaPrograms/)
[debug] > Exec(idea-shell, None, None)
